<?xml version="1.0" encoding="UTF-8"?>
<Site BuildName="Win32-mingw32-make"
	BuildStamp="20240121-1243-Experimental"
	Name="stardestroyer"
	Generator="ctest-3.28.1"
	CompilerName="C:/msys64/mingw64/bin/g++.exe"
	CompilerVersion=""
	OSName="Windows"
	Hostname="stardestroyer"
	OSRelease=" Professional"
	OSVersion=" (Build 22631)"
	OSPlatform="AMD64"
	Is64Bits="1"
	VendorString="GenuineIntel"
	VendorID="Intel Corporation"
	FamilyID="6"
	ModelID="14"
	ProcessorCacheSize="-1"
	NumberOfLogicalCPU="16"
	NumberOfPhysicalCPU="8"
	TotalVirtualMemory="35805"
	TotalPhysicalMemory="32702"
	LogicalProcessorsPerPhysical="2"
	ProcessorClockFrequency="3600"
	>
	<Testing>
		<StartDateTime>Jan 21 20:47 Paris, Madrid</StartDateTime>
		<StartTestTime>1705866474</StartTestTime>
		<TestList/>
		<EndDateTime>Jan 21 20:47 Paris, Madrid</EndDateTime>
		<EndTestTime>1705866474</EndTestTime>
		<ElapsedMinutes>0</ElapsedMinutes>
	</Testing>
</Site>
